<?xml version="1.0" encoding="UTF-8"?>
<!-- Generated by org.testng.reporters.JUnitReportReporter -->
<testsuite skipped="0" hostname="LAPTOP-SNEMVCBD" name="ucn.ui.NewTest" tests="2" failures="0" timestamp="11 六月 2018 02:33:02 GMT" time="25.027" errors="0">
  <testcase name="testOne" time="15.024" classname="ucn.ui.NewTest"/>
  <testcase name="testTwo" time="10.003" classname="ucn.ui.NewTest"/>
</testsuite> <!-- ucn.ui.NewTest -->
